<?xml version="1.0" encoding="UTF-8"?>
<!-- Generated by org.testng.reporters.JUnitXMLReporter -->
<testsuite hostname="IP4-826" name="Bing-Search-Sample-Test" tests="5" failures="0" timestamp="4 Oct 2016 06:58:28 GMT" time="21.582" errors="0">
  <testcase name="facebook" time="3.23" classname="sendEmail.Inclue"/>
  <testcase name="google" time="2.696" classname="sendEmail.Inclue"/>
  <testcase name="linkedin" time="1.652" classname="sendEmail.Inclue"/>
  <testcase name="seleniumlearn" time="4.938" classname="sendEmail.Inclue"/>
  <testcase name="twitter" time="6.657" classname="sendEmail.Inclue"/>
</testsuite> <!-- Bing-Search-Sample-Test -->
