<?xml version="1.0" encoding="UTF-8"?>
<!-- Generated by org.testng.reporters.JUnitXMLReporter -->
<testsuite hostname="IP4-826" name="test" tests="5" failures="0" timestamp="4 Oct 2016 07:01:38 GMT" time="21.281" errors="0">
  <testcase name="facebook" time="2.343" classname="sendEmail.Inclue"/>
  <testcase name="google" time="1.548" classname="sendEmail.Inclue"/>
  <testcase name="linkedin" time="1.872" classname="sendEmail.Inclue"/>
  <testcase name="seleniumlearn" time="6.175" classname="sendEmail.Inclue"/>
  <testcase name="twitter" time="6.892" classname="sendEmail.Inclue"/>
</testsuite> <!-- test -->
