<?xml version="1.0" encoding="UTF-8"?>
<testng-results skipped="1" failed="0" total="3" passed="2">
  <reporter-output>
  </reporter-output>
  <suite name="Suite" duration-ms="38179" started-at="2016-10-05T14:10:42Z" finished-at="2016-10-05T14:11:20Z">
    <groups>
    </groups>
    <test name="firefoxtest" duration-ms="112" started-at="2016-10-05T14:10:42Z" finished-at="2016-10-05T14:10:42Z">
      <class name="sendEmail.CrossBrowserTesting">
        <test-method status="FAIL" signature="openBrowser(java.lang.String)[pri:0, instance:sendEmail.CrossBrowserTesting@23a2f9]" name="openBrowser" is-config="true" duration-ms="0" started-at="2016-10-05T19:40:42Z" finished-at="2016-10-05T19:40:42Z">
          <params>
            <param index="0">
              <value>
                <![CDATA[Firefox]]>
              </value>
            </param>
          </params>
          <exception class="java.lang.IllegalStateException">
            <message>
              <![CDATA[The path to the driver executable must be set by the webdriver.gecko.driver system property; for more information, see https://github.com/mozilla/geckodriver. The latest version can be downloaded from https://github.com/mozilla/geckodriver/releases]]>
            </message>
            <full-stacktrace>
              <![CDATA[java.lang.IllegalStateException: The path to the driver executable must be set by the webdriver.gecko.driver system property; for more information, see https://github.com/mozilla/geckodriver. The latest version can be downloaded from https://github.com/mozilla/geckodriver/releases
	at com.google.common.base.Preconditions.checkState(Preconditions.java:199)
	at org.openqa.selenium.remote.service.DriverService.findExecutable(DriverService.java:109)
	at org.openqa.selenium.firefox.GeckoDriverService.access$100(GeckoDriverService.java:38)
	at org.openqa.selenium.firefox.GeckoDriverService$Builder.findDefaultExecutable(GeckoDriverService.java:91)
	at org.openqa.selenium.remote.service.DriverService$Builder.build(DriverService.java:296)
	at org.openqa.selenium.firefox.FirefoxDriver.createCommandExecutor(FirefoxDriver.java:244)
	at org.openqa.selenium.firefox.FirefoxDriver.<init>(FirefoxDriver.java:219)
	at org.openqa.selenium.firefox.FirefoxDriver.<init>(FirefoxDriver.java:214)
	at org.openqa.selenium.firefox.FirefoxDriver.<init>(FirefoxDriver.java:210)
	at org.openqa.selenium.firefox.FirefoxDriver.<init>(FirefoxDriver.java:123)
	at sendEmail.CrossBrowserTesting.openBrowser(CrossBrowserTesting.java:31)
	at sun.reflect.NativeMethodAccessorImpl.invoke0(Native Method)
	at sun.reflect.NativeMethodAccessorImpl.invoke(Unknown Source)
	at sun.reflect.DelegatingMethodAccessorImpl.invoke(Unknown Source)
	at java.lang.reflect.Method.invoke(Unknown Source)
	at org.testng.internal.MethodInvocationHelper.invokeMethod(MethodInvocationHelper.java:100)
	at org.testng.internal.Invoker.invokeConfigurationMethod(Invoker.java:515)
	at org.testng.internal.Invoker.invokeConfigurations(Invoker.java:216)
	at org.testng.internal.Invoker.invokeConfigurations(Invoker.java:143)
	at org.testng.TestRunner.beforeRun(TestRunner.java:624)
	at org.testng.TestRunner.run(TestRunner.java:592)
	at org.testng.SuiteRunner.runTest(SuiteRunner.java:366)
	at org.testng.SuiteRunner.runSequentially(SuiteRunner.java:361)
	at org.testng.SuiteRunner.privateRun(SuiteRunner.java:319)
	at org.testng.SuiteRunner.run(SuiteRunner.java:268)
	at org.testng.SuiteRunnerWorker.runSuite(SuiteRunnerWorker.java:52)
	at org.testng.SuiteRunnerWorker.run(SuiteRunnerWorker.java:86)
	at org.testng.TestNG.runSuitesSequentially(TestNG.java:1264)
	at org.testng.TestNG.runSuitesLocally(TestNG.java:1189)
	at org.testng.TestNG.runSuites(TestNG.java:1104)
	at org.testng.TestNG.run(TestNG.java:1076)
	at org.testng.remote.AbstractRemoteTestNG.run(AbstractRemoteTestNG.java:126)
	at org.testng.remote.RemoteTestNG.initAndRun(RemoteTestNG.java:152)
	at org.testng.remote.RemoteTestNG.main(RemoteTestNG.java:57)
]]>
            </full-stacktrace>
          </exception> <!-- java.lang.IllegalStateException -->
          <reporter-output>
          </reporter-output>
        </test-method> <!-- openBrowser -->
        <test-method status="SKIP" signature="Run()[pri:0, instance:sendEmail.CrossBrowserTesting@23a2f9]" name="Run" duration-ms="1" started-at="2016-10-05T19:40:42Z" finished-at="2016-10-05T19:40:42Z">
          <reporter-output>
          </reporter-output>
        </test-method> <!-- Run -->
        <test-method status="SKIP" signature="afterTest()[pri:0, instance:sendEmail.CrossBrowserTesting@23a2f9]" name="afterTest" is-config="true" duration-ms="0" started-at="2016-10-05T19:40:42Z" finished-at="2016-10-05T19:40:42Z">
          <reporter-output>
          </reporter-output>
        </test-method> <!-- afterTest -->
      </class> <!-- sendEmail.CrossBrowserTesting -->
    </test> <!-- firefoxtest -->
    <test name="googlechrometest" duration-ms="15854" started-at="2016-10-05T14:10:42Z" finished-at="2016-10-05T14:10:58Z">
      <class name="sendEmail.CrossBrowserTesting">
        <test-method status="PASS" signature="openBrowser(java.lang.String)[pri:0, instance:sendEmail.CrossBrowserTesting@101b7af]" name="openBrowser" is-config="true" duration-ms="3372" started-at="2016-10-05T19:40:42Z" finished-at="2016-10-05T19:40:45Z">
          <params>
            <param index="0">
              <value>
                <![CDATA[Chrome]]>
              </value>
            </param>
          </params>
          <reporter-output>
          </reporter-output>
        </test-method> <!-- openBrowser -->
        <test-method status="PASS" signature="Run()[pri:0, instance:sendEmail.CrossBrowserTesting@101b7af]" name="Run" duration-ms="12479" started-at="2016-10-05T19:40:45Z" finished-at="2016-10-05T19:40:58Z">
          <reporter-output>
          </reporter-output>
        </test-method> <!-- Run -->
        <test-method status="PASS" signature="afterTest()[pri:0, instance:sendEmail.CrossBrowserTesting@101b7af]" name="afterTest" is-config="true" duration-ms="1" started-at="2016-10-05T19:40:58Z" finished-at="2016-10-05T19:40:58Z">
          <reporter-output>
          </reporter-output>
        </test-method> <!-- afterTest -->
      </class> <!-- sendEmail.CrossBrowserTesting -->
    </test> <!-- googlechrometest -->
    <test name="Internetexplorertest" duration-ms="22135" started-at="2016-10-05T14:10:58Z" finished-at="2016-10-05T14:11:20Z">
      <class name="sendEmail.CrossBrowserTesting">
        <test-method status="PASS" signature="openBrowser(java.lang.String)[pri:0, instance:sendEmail.CrossBrowserTesting@653222]" name="openBrowser" is-config="true" duration-ms="5920" started-at="2016-10-05T19:40:58Z" finished-at="2016-10-05T19:41:04Z">
          <params>
            <param index="0">
              <value>
                <![CDATA[IE]]>
              </value>
            </param>
          </params>
          <reporter-output>
          </reporter-output>
        </test-method> <!-- openBrowser -->
        <test-method status="PASS" signature="Run()[pri:0, instance:sendEmail.CrossBrowserTesting@653222]" name="Run" duration-ms="16210" started-at="2016-10-05T19:41:04Z" finished-at="2016-10-05T19:41:20Z">
          <reporter-output>
          </reporter-output>
        </test-method> <!-- Run -->
        <test-method status="PASS" signature="afterTest()[pri:0, instance:sendEmail.CrossBrowserTesting@653222]" name="afterTest" is-config="true" duration-ms="1" started-at="2016-10-05T19:41:20Z" finished-at="2016-10-05T19:41:20Z">
          <reporter-output>
          </reporter-output>
        </test-method> <!-- afterTest -->
      </class> <!-- sendEmail.CrossBrowserTesting -->
    </test> <!-- Internetexplorertest -->
  </suite> <!-- Suite -->
</testng-results>
